<?xml version="1.0" encoding="UTF-8"?>
<testng-results skipped="1" failed="0" ignored="0" total="1" passed="0">
  <reporter-output>
  </reporter-output>
  <suite name="Default suite" duration-ms="76" started-at="2021-05-12T11:56:15 IST" finished-at="2021-05-12T11:56:15 IST">
    <groups>
      <group name="now">
        <method signature="Dummy2.testJSONpara(pojoClasses.TestJSON)[pri:0, instance:demo.Dummy2@544a2ea6]" name="testJSONpara" class="demo.Dummy2"/>
      </group> <!-- now -->
    </groups>
    <test name="Default test" duration-ms="76" started-at="2021-05-12T11:56:15 IST" finished-at="2021-05-12T11:56:15 IST">
      <class name="demo.Dummy2">
        <test-method status="PASS" signature="before_class()[pri:0, instance:demo.Dummy2@544a2ea6]" name="before_class" is-config="true" duration-ms="6" started-at="2021-05-12T11:56:15 IST" finished-at="2021-05-12T11:56:15 IST">
          <reporter-output>
          </reporter-output>
        </test-method> <!-- before_class -->
        <test-method status="SKIP" signature="testJSONpara(pojoClasses.TestJSON)[pri:0, instance:demo.Dummy2@544a2ea6]" name="testJSONpara" duration-ms="0" started-at="2021-05-12T11:56:15 IST" data-provider="td" finished-at="2021-05-12T11:56:15 IST">
          <exception class="java.lang.RuntimeException">
            <message>
              <![CDATA[java.lang.NullPointerException]]>
            </message>
            <full-stacktrace>
              <![CDATA[java.lang.RuntimeException: java.lang.NullPointerException
at org.testng.internal.MethodInvocationHelper.invokeMethodNoCheckedException(MethodInvocationHelper.java:50)
at org.testng.internal.MethodInvocationHelper.invokeDataProvider(MethodInvocationHelper.java:146)
at org.testng.internal.Parameters.handleParameters(Parameters.java:798)
at org.testng.internal.Parameters.handleParameters(Parameters.java:740)
at org.testng.internal.ParameterHandler.handleParameters(ParameterHandler.java:59)
at org.testng.internal.ParameterHandler.createParameters(ParameterHandler.java:38)
at org.testng.internal.TestInvoker$MethodInvocationAgent.invoke(TestInvoker.java:791)
at org.testng.internal.TestInvoker.invokeTestMethods(TestInvoker.java:146)
at org.testng.internal.TestMethodWorker.invokeTestMethods(TestMethodWorker.java:146)
at org.testng.internal.TestMethodWorker.run(TestMethodWorker.java:128)
at java.util.ArrayList.forEach(Unknown Source)
at org.testng.TestRunner.privateRun(TestRunner.java:794)
at org.testng.TestRunner.run(TestRunner.java:596)
at org.testng.SuiteRunner.runTest(SuiteRunner.java:377)
at org.testng.SuiteRunner.runSequentially(SuiteRunner.java:371)
at org.testng.SuiteRunner.privateRun(SuiteRunner.java:332)
at org.testng.SuiteRunner.run(SuiteRunner.java:276)
at org.testng.SuiteRunnerWorker.runSuite(SuiteRunnerWorker.java:53)
at org.testng.SuiteRunnerWorker.run(SuiteRunnerWorker.java:96)
at org.testng.TestNG.runSuitesSequentially(TestNG.java:1212)
at org.testng.TestNG.runSuitesLocally(TestNG.java:1134)
at org.testng.TestNG.runSuites(TestNG.java:1063)
at org.testng.TestNG.run(TestNG.java:1031)
at org.testng.remote.AbstractRemoteTestNG.run(AbstractRemoteTestNG.java:115)
at org.testng.remote.RemoteTestNG.initAndRun(RemoteTestNG.java:251)
at org.testng.remote.RemoteTestNG.main(RemoteTestNG.java:77)
Caused by: java.lang.NullPointerException
at demo.Dummy2.getData(Dummy2.java:46)
at sun.reflect.NativeMethodAccessorImpl.invoke0(Native Method)
at sun.reflect.NativeMethodAccessorImpl.invoke(Unknown Source)
at sun.reflect.DelegatingMethodAccessorImpl.invoke(Unknown Source)
at java.lang.reflect.Method.invoke(Unknown Source)
at org.testng.internal.MethodInvocationHelper.invokeMethod(MethodInvocationHelper.java:133)
at org.testng.internal.MethodInvocationHelper.invokeMethod(MethodInvocationHelper.java:77)
at org.testng.internal.MethodInvocationHelper.invokeMethodNoCheckedException(MethodInvocationHelper.java:46)
... 25 more
]]>
            </full-stacktrace>
          </exception> <!-- java.lang.RuntimeException -->
          <reporter-output>
          </reporter-output>
        </test-method> <!-- testJSONpara -->
        <test-method status="PASS" signature="after_class()[pri:0, instance:demo.Dummy2@544a2ea6]" name="after_class" is-config="true" duration-ms="0" started-at="2021-05-12T11:56:15 IST" finished-at="2021-05-12T11:56:15 IST">
          <reporter-output>
          </reporter-output>
        </test-method> <!-- after_class -->
      </class> <!-- demo.Dummy2 -->
    </test> <!-- Default test -->
  </suite> <!-- Default suite -->
</testng-results>
